<?xml version="1.0" encoding="UTF-8"?>
<testng-results skipped="0" failed="1" total="8" passed="7">
  <reporter-output>
  </reporter-output>
  <suite name="FREE CRM Application Test Automation Sanity Suite" duration-ms="207216" started-at="2019-08-18T18:19:02Z" finished-at="2019-08-18T18:22:29Z">
    <groups>
    </groups>
    <test name="Free CRM Application Chrome Test Cases" duration-ms="207216" started-at="2019-08-18T18:19:02Z" finished-at="2019-08-18T18:22:29Z">
      <class name="com.saal.challenge.TestCases.SignInPageTest">
        <test-method status="PASS" signature="setExtent()[pri:0, instance:com.saal.challenge.TestCases.SignInPageTest@67784306]" name="setExtent" is-config="true" duration-ms="161" started-at="2019-08-18T23:49:02Z" finished-at="2019-08-18T23:49:02Z">
          <reporter-output>
          </reporter-output>
        </test-method> <!-- setExtent -->
        <test-method status="PASS" signature="setUp(java.lang.String)[pri:0, instance:com.saal.challenge.TestCases.SignInPageTest@67784306]" name="setUp" is-config="true" duration-ms="20362" started-at="2019-08-18T23:49:02Z" finished-at="2019-08-18T23:49:23Z">
          <params>
            <param index="0">
              <value>
                <![CDATA[chrome]]>
              </value>
            </param>
          </params>
          <reporter-output>
          </reporter-output>
        </test-method> <!-- setUp -->
        <test-method status="PASS" signature="verifySignInButtonTest(java.lang.reflect.Method)[pri:1, instance:com.saal.challenge.TestCases.SignInPageTest@67784306]" name="verifySignInButtonTest" duration-ms="92" started-at="2019-08-18T23:49:23Z" finished-at="2019-08-18T23:49:23Z">
          <params>
            <param index="0">
              <value>
                <![CDATA[public void com.saal.challenge.TestCases.SignInPageTest.verifySignInButtonTest(java.lang.reflect.Method)]]>
              </value>
            </param>
          </params>
          <reporter-output>
          </reporter-output>
        </test-method> <!-- verifySignInButtonTest -->
        <test-method status="PASS" signature="tearDown(org.testng.ITestResult)[pri:0, instance:com.saal.challenge.TestCases.SignInPageTest@67784306]" name="tearDown" is-config="true" duration-ms="677" started-at="2019-08-18T23:49:23Z" finished-at="2019-08-18T23:49:23Z">
          <params>
            <param index="0">
              <value>
                <![CDATA[[TestResult name=verifySignInButtonTest status=SUCCESS method=SignInPageTest.verifySignInButtonTest(java.lang.reflect.Method)[pri:1, instance:com.saal.challenge.TestCases.SignInPageTest@67784306] output={null}]]]>
              </value>
            </param>
          </params>
          <reporter-output>
          </reporter-output>
        </test-method> <!-- tearDown -->
        <test-method status="PASS" signature="setUp(java.lang.String)[pri:0, instance:com.saal.challenge.TestCases.SignInPageTest@67784306]" name="setUp" is-config="true" duration-ms="14853" started-at="2019-08-18T23:49:23Z" finished-at="2019-08-18T23:49:38Z">
          <params>
            <param index="0">
              <value>
                <![CDATA[chrome]]>
              </value>
            </param>
          </params>
          <reporter-output>
          </reporter-output>
        </test-method> <!-- setUp -->
        <test-method status="PASS" signature="verifySignInPageTitleTest(java.lang.reflect.Method)[pri:2, instance:com.saal.challenge.TestCases.SignInPageTest@67784306]" name="verifySignInPageTitleTest" duration-ms="16" started-at="2019-08-18T23:49:38Z" finished-at="2019-08-18T23:49:38Z">
          <params>
            <param index="0">
              <value>
                <![CDATA[public void com.saal.challenge.TestCases.SignInPageTest.verifySignInPageTitleTest(java.lang.reflect.Method)]]>
              </value>
            </param>
          </params>
          <reporter-output>
          </reporter-output>
        </test-method> <!-- verifySignInPageTitleTest -->
        <test-method status="PASS" signature="tearDown(org.testng.ITestResult)[pri:0, instance:com.saal.challenge.TestCases.SignInPageTest@67784306]" name="tearDown" is-config="true" duration-ms="717" started-at="2019-08-18T23:49:38Z" finished-at="2019-08-18T23:49:39Z">
          <params>
            <param index="0">
              <value>
                <![CDATA[[TestResult name=verifySignInPageTitleTest status=SUCCESS method=SignInPageTest.verifySignInPageTitleTest(java.lang.reflect.Method)[pri:2, instance:com.saal.challenge.TestCases.SignInPageTest@67784306] output={null}]]]>
              </value>
            </param>
          </params>
          <reporter-output>
          </reporter-output>
        </test-method> <!-- tearDown -->
        <test-method status="PASS" signature="endReport()[pri:0, instance:com.saal.challenge.TestCases.SignInPageTest@67784306]" name="endReport" is-config="true" duration-ms="535" started-at="2019-08-18T23:52:29Z" finished-at="2019-08-18T23:52:29Z">
          <reporter-output>
          </reporter-output>
        </test-method> <!-- endReport -->
      </class> <!-- com.saal.challenge.TestCases.SignInPageTest -->
      <class name="com.saal.challenge.TestCases.LoginPageTest">
        <test-method status="PASS" signature="setUp(java.lang.String)[pri:0, instance:com.saal.challenge.TestCases.LoginPageTest@335eadca]" name="setUp" is-config="true" duration-ms="13225" started-at="2019-08-18T23:49:39Z" finished-at="2019-08-18T23:49:52Z">
          <params>
            <param index="0">
              <value>
                <![CDATA[chrome]]>
              </value>
            </param>
          </params>
          <reporter-output>
          </reporter-output>
        </test-method> <!-- setUp -->
        <test-method status="PASS" signature="loginTest(java.lang.reflect.Method)[pri:1, instance:com.saal.challenge.TestCases.LoginPageTest@335eadca]" name="loginTest" duration-ms="6019" started-at="2019-08-18T23:49:52Z" finished-at="2019-08-18T23:49:58Z">
          <params>
            <param index="0">
              <value>
                <![CDATA[public void com.saal.challenge.TestCases.LoginPageTest.loginTest(java.lang.reflect.Method)]]>
              </value>
            </param>
          </params>
          <reporter-output>
          </reporter-output>
        </test-method> <!-- loginTest -->
        <test-method status="PASS" signature="tearDown(org.testng.ITestResult)[pri:0, instance:com.saal.challenge.TestCases.LoginPageTest@335eadca]" name="tearDown" is-config="true" duration-ms="612" started-at="2019-08-18T23:49:58Z" finished-at="2019-08-18T23:49:59Z">
          <params>
            <param index="0">
              <value>
                <![CDATA[[TestResult name=loginTest status=SUCCESS method=LoginPageTest.loginTest(java.lang.reflect.Method)[pri:1, instance:com.saal.challenge.TestCases.LoginPageTest@335eadca] output={null}]]]>
              </value>
            </param>
          </params>
          <reporter-output>
          </reporter-output>
        </test-method> <!-- tearDown -->
        <test-method status="PASS" signature="setUp(java.lang.String)[pri:0, instance:com.saal.challenge.TestCases.LoginPageTest@335eadca]" name="setUp" is-config="true" duration-ms="12113" started-at="2019-08-18T23:49:59Z" finished-at="2019-08-18T23:50:11Z">
          <params>
            <param index="0">
              <value>
                <![CDATA[chrome]]>
              </value>
            </param>
          </params>
          <reporter-output>
          </reporter-output>
        </test-method> <!-- setUp -->
        <test-method status="PASS" signature="verifyCorrectUserNameTest(java.lang.reflect.Method)[pri:2, instance:com.saal.challenge.TestCases.LoginPageTest@335eadca]" name="verifyCorrectUserNameTest" duration-ms="6095" started-at="2019-08-18T23:50:11Z" finished-at="2019-08-18T23:50:17Z">
          <params>
            <param index="0">
              <value>
                <![CDATA[public void com.saal.challenge.TestCases.LoginPageTest.verifyCorrectUserNameTest(java.lang.reflect.Method)]]>
              </value>
            </param>
          </params>
          <reporter-output>
          </reporter-output>
        </test-method> <!-- verifyCorrectUserNameTest -->
        <test-method status="PASS" signature="tearDown(org.testng.ITestResult)[pri:0, instance:com.saal.challenge.TestCases.LoginPageTest@335eadca]" name="tearDown" is-config="true" duration-ms="637" started-at="2019-08-18T23:50:17Z" finished-at="2019-08-18T23:50:18Z">
          <params>
            <param index="0">
              <value>
                <![CDATA[[TestResult name=verifyCorrectUserNameTest status=SUCCESS method=LoginPageTest.verifyCorrectUserNameTest(java.lang.reflect.Method)[pri:2, instance:com.saal.challenge.TestCases.LoginPageTest@335eadca] output={null}]]]>
              </value>
            </param>
          </params>
          <reporter-output>
          </reporter-output>
        </test-method> <!-- tearDown -->
        <test-method status="PASS" signature="setUp(java.lang.String)[pri:0, instance:com.saal.challenge.TestCases.LoginPageTest@335eadca]" name="setUp" is-config="true" duration-ms="13269" started-at="2019-08-18T23:50:18Z" finished-at="2019-08-18T23:50:31Z">
          <params>
            <param index="0">
              <value>
                <![CDATA[chrome]]>
              </value>
            </param>
          </params>
          <reporter-output>
          </reporter-output>
        </test-method> <!-- setUp -->
        <test-method status="FAIL" signature="verifyHomePageTitleTest(java.lang.reflect.Method)[pri:3, instance:com.saal.challenge.TestCases.LoginPageTest@335eadca]" name="verifyHomePageTitleTest" duration-ms="5829" started-at="2019-08-18T23:50:31Z" finished-at="2019-08-18T23:50:37Z">
          <params>
            <param index="0">
              <value>
                <![CDATA[public void com.saal.challenge.TestCases.LoginPageTest.verifyHomePageTitleTest(java.lang.reflect.Method)]]>
              </value>
            </param>
          </params>
          <exception class="java.lang.AssertionError">
            <message>
              <![CDATA[Login Page Title is not Matched expected [My account - My Store123] but found [My account - My Store]]]>
            </message>
            <full-stacktrace>
              <![CDATA[java.lang.AssertionError: Login Page Title is not Matched expected [My account - My Store123] but found [My account - My Store]
	at org.testng.Assert.fail(Assert.java:94)
	at org.testng.Assert.failNotEquals(Assert.java:513)
	at org.testng.Assert.assertEqualsImpl(Assert.java:135)
	at org.testng.Assert.assertEquals(Assert.java:116)
	at org.testng.Assert.assertEquals(Assert.java:190)
	at com.saal.challenge.TestCases.LoginPageTest.verifyHomePageTitleTest(LoginPageTest.java:63)
	at sun.reflect.NativeMethodAccessorImpl.invoke0(Native Method)
	at sun.reflect.NativeMethodAccessorImpl.invoke(NativeMethodAccessorImpl.java:62)
	at sun.reflect.DelegatingMethodAccessorImpl.invoke(DelegatingMethodAccessorImpl.java:43)
	at java.lang.reflect.Method.invoke(Method.java:498)
	at org.testng.internal.MethodInvocationHelper.invokeMethod(MethodInvocationHelper.java:86)
	at org.testng.internal.Invoker.invokeMethod(Invoker.java:646)
	at org.testng.internal.Invoker.invokeTestMethod(Invoker.java:823)
	at org.testng.internal.Invoker.invokeTestMethods(Invoker.java:1131)
	at org.testng.internal.TestMethodWorker.invokeTestMethods(TestMethodWorker.java:129)
	at org.testng.internal.TestMethodWorker.run(TestMethodWorker.java:112)
	at org.testng.TestRunner.privateRun(TestRunner.java:778)
	at org.testng.TestRunner.run(TestRunner.java:632)
	at org.testng.SuiteRunner.runTest(SuiteRunner.java:366)
	at org.testng.SuiteRunner.runSequentially(SuiteRunner.java:361)
	at org.testng.SuiteRunner.privateRun(SuiteRunner.java:319)
	at org.testng.SuiteRunner.run(SuiteRunner.java:268)
	at org.testng.SuiteRunnerWorker.runSuite(SuiteRunnerWorker.java:52)
	at org.testng.SuiteRunnerWorker.run(SuiteRunnerWorker.java:86)
	at org.testng.TestNG.runSuitesSequentially(TestNG.java:1225)
	at org.testng.TestNG.runSuitesLocally(TestNG.java:1150)
	at org.testng.TestNG.runSuites(TestNG.java:1075)
	at org.testng.TestNG.run(TestNG.java:1047)
	at org.testng.remote.AbstractRemoteTestNG.run(AbstractRemoteTestNG.java:126)
	at org.testng.remote.RemoteTestNG.initAndRun(RemoteTestNG.java:137)
	at org.testng.remote.RemoteTestNG.main(RemoteTestNG.java:58)
]]>
            </full-stacktrace>
          </exception> <!-- java.lang.AssertionError -->
          <reporter-output>
          </reporter-output>
        </test-method> <!-- verifyHomePageTitleTest -->
        <test-method status="PASS" signature="tearDown(org.testng.ITestResult)[pri:0, instance:com.saal.challenge.TestCases.LoginPageTest@335eadca]" name="tearDown" is-config="true" duration-ms="1071" started-at="2019-08-18T23:50:37Z" finished-at="2019-08-18T23:50:38Z">
          <params>
            <param index="0">
              <value>
                <![CDATA[[TestResult name=verifyHomePageTitleTest status=FAILURE method=LoginPageTest.verifyHomePageTitleTest(java.lang.reflect.Method)[pri:3, instance:com.saal.challenge.TestCases.LoginPageTest@335eadca] output={null}]]]>
              </value>
            </param>
          </params>
          <reporter-output>
          </reporter-output>
        </test-method> <!-- tearDown -->
        <test-method status="PASS" signature="setUp(java.lang.String)[pri:0, instance:com.saal.challenge.TestCases.LoginPageTest@335eadca]" name="setUp" is-config="true" duration-ms="14727" started-at="2019-08-18T23:50:38Z" finished-at="2019-08-18T23:50:53Z">
          <params>
            <param index="0">
              <value>
                <![CDATA[chrome]]>
              </value>
            </param>
          </params>
          <reporter-output>
          </reporter-output>
        </test-method> <!-- setUp -->
        <test-method status="PASS" signature="verifySignOutButtonTest(java.lang.reflect.Method)[pri:4, instance:com.saal.challenge.TestCases.LoginPageTest@335eadca]" name="verifySignOutButtonTest" duration-ms="6196" started-at="2019-08-18T23:50:53Z" finished-at="2019-08-18T23:50:59Z">
          <params>
            <param index="0">
              <value>
                <![CDATA[public void com.saal.challenge.TestCases.LoginPageTest.verifySignOutButtonTest(java.lang.reflect.Method)]]>
              </value>
            </param>
          </params>
          <reporter-output>
          </reporter-output>
        </test-method> <!-- verifySignOutButtonTest -->
        <test-method status="PASS" signature="tearDown(org.testng.ITestResult)[pri:0, instance:com.saal.challenge.TestCases.LoginPageTest@335eadca]" name="tearDown" is-config="true" duration-ms="629" started-at="2019-08-18T23:50:59Z" finished-at="2019-08-18T23:50:59Z">
          <params>
            <param index="0">
              <value>
                <![CDATA[[TestResult name=verifySignOutButtonTest status=SUCCESS method=LoginPageTest.verifySignOutButtonTest(java.lang.reflect.Method)[pri:4, instance:com.saal.challenge.TestCases.LoginPageTest@335eadca] output={null}]]]>
              </value>
            </param>
          </params>
          <reporter-output>
          </reporter-output>
        </test-method> <!-- tearDown -->
      </class> <!-- com.saal.challenge.TestCases.LoginPageTest -->
      <class name="com.saal.challenge.TestCases.CheckoutPageTest">
        <test-method status="PASS" signature="setUp(java.lang.String)[pri:0, instance:com.saal.challenge.TestCases.CheckoutPageTest@210366b4]" name="setUp" is-config="true" duration-ms="18398" started-at="2019-08-18T23:50:59Z" finished-at="2019-08-18T23:51:18Z">
          <params>
            <param index="0">
              <value>
                <![CDATA[chrome]]>
              </value>
            </param>
          </params>
          <reporter-output>
          </reporter-output>
        </test-method> <!-- setUp -->
        <test-method status="PASS" signature="loginTest(java.lang.reflect.Method)[pri:1, instance:com.saal.challenge.TestCases.CheckoutPageTest@210366b4]" name="loginTest" duration-ms="23584" started-at="2019-08-18T23:51:18Z" finished-at="2019-08-18T23:51:41Z">
          <params>
            <param index="0">
              <value>
                <![CDATA[public void com.saal.challenge.TestCases.CheckoutPageTest.loginTest(java.lang.reflect.Method)]]>
              </value>
            </param>
          </params>
          <reporter-output>
          </reporter-output>
        </test-method> <!-- loginTest -->
        <test-method status="PASS" signature="tearDown(org.testng.ITestResult)[pri:0, instance:com.saal.challenge.TestCases.CheckoutPageTest@210366b4]" name="tearDown" is-config="true" duration-ms="620" started-at="2019-08-18T23:51:41Z" finished-at="2019-08-18T23:51:42Z">
          <params>
            <param index="0">
              <value>
                <![CDATA[[TestResult name=loginTest status=SUCCESS method=CheckoutPageTest.loginTest(java.lang.reflect.Method)[pri:1, instance:com.saal.challenge.TestCases.CheckoutPageTest@210366b4] output={null}]]]>
              </value>
            </param>
          </params>
          <reporter-output>
          </reporter-output>
        </test-method> <!-- tearDown -->
        <test-method status="PASS" signature="setUp(java.lang.String)[pri:0, instance:com.saal.challenge.TestCases.CheckoutPageTest@210366b4]" name="setUp" is-config="true" duration-ms="24882" started-at="2019-08-18T23:51:42Z" finished-at="2019-08-18T23:52:07Z">
          <params>
            <param index="0">
              <value>
                <![CDATA[chrome]]>
              </value>
            </param>
          </params>
          <reporter-output>
          </reporter-output>
        </test-method> <!-- setUp -->
        <test-method status="PASS" signature="orderConfirmationValidateTest(java.lang.reflect.Method)[pri:2, instance:com.saal.challenge.TestCases.CheckoutPageTest@210366b4]" name="orderConfirmationValidateTest" duration-ms="21191" started-at="2019-08-18T23:52:07Z" finished-at="2019-08-18T23:52:28Z">
          <params>
            <param index="0">
              <value>
                <![CDATA[public void com.saal.challenge.TestCases.CheckoutPageTest.orderConfirmationValidateTest(java.lang.reflect.Method)]]>
              </value>
            </param>
          </params>
          <reporter-output>
          </reporter-output>
        </test-method> <!-- orderConfirmationValidateTest -->
        <test-method status="PASS" signature="tearDown(org.testng.ITestResult)[pri:0, instance:com.saal.challenge.TestCases.CheckoutPageTest@210366b4]" name="tearDown" is-config="true" duration-ms="635" started-at="2019-08-18T23:52:28Z" finished-at="2019-08-18T23:52:29Z">
          <params>
            <param index="0">
              <value>
                <![CDATA[[TestResult name=orderConfirmationValidateTest status=SUCCESS method=CheckoutPageTest.orderConfirmationValidateTest(java.lang.reflect.Method)[pri:2, instance:com.saal.challenge.TestCases.CheckoutPageTest@210366b4] output={null}]]]>
              </value>
            </param>
          </params>
          <reporter-output>
          </reporter-output>
        </test-method> <!-- tearDown -->
      </class> <!-- com.saal.challenge.TestCases.CheckoutPageTest -->
    </test> <!-- Free CRM Application Chrome Test Cases -->
  </suite> <!-- FREE CRM Application Test Automation Sanity Suite -->
</testng-results>
