<html>
<head>
<title>TestNG:  Free CRM Application Chrome Test Cases</title>
<link href="../testng.css" rel="stylesheet" type="text/css" />
<link href="../my-testng.css" rel="stylesheet" type="text/css" />

<style type="text/css">
.log { display: none;} 
.stack-trace { display: none;} 
</style>
<script type="text/javascript">
<!--
function flip(e) {
  current = e.style.display;
  if (current == 'block') {
    e.style.display = 'none';
    return 0;
  }
  else {
    e.style.display = 'block';
    return 1;
  }
}

function toggleBox(szDivId, elem, msg1, msg2)
{
  var res = -1;  if (document.getElementById) {
    res = flip(document.getElementById(szDivId));
  }
  else if (document.all) {
    // this is the way old msie versions work
    res = flip(document.all[szDivId]);
  }
  if(elem) {
    if(res == 0) elem.innerHTML = msg1; else elem.innerHTML = msg2;
  }

}

function toggleAllBoxes() {
  if (document.getElementsByTagName) {
    d = document.getElementsByTagName('div');
    for (i = 0; i < d.length; i++) {
      if (d[i].className == 'log') {
        flip(d[i]);
      }
    }
  }
}

// -->
</script>

</head>
<body>
<h2 align='center'>Free CRM Application Chrome Test Cases</h2><table border='1' align="center">
<tr>
<td>Tests passed/Failed/Skipped:</td><td>7/1/0</td>
</tr><tr>
<td>Started on:</td><td>Sun Aug 18 23:49:02 IST 2019</td>
</tr>
<tr><td>Total time:</td><td>207 seconds (207216 ms)</td>
</tr><tr>
<td>Included groups:</td><td></td>
</tr><tr>
<td>Excluded groups:</td><td></td>
</tr>
</table><p/>
<small><i>(Hover the method name to see the test class name)</i></small><p/>
<table width='100%' border='1' class='invocation-failed'>
<tr><td colspan='4' align='center'><b>FAILED TESTS</b></td></tr>
<tr><td><b>Test method</b></td>
<td width="30%"><b>Exception</b></td>
<td width="10%"><b>Time (seconds)</b></td>
<td><b>Instance</b></td>
</tr>
<tr>
<td title='com.saal.challenge.TestCases.LoginPageTest.verifyHomePageTitleTest()'><b>verifyHomePageTitleTest</b><br>Test class: com.saal.challenge.TestCases.LoginPageTest<br>Parameters: public void com.saal.challenge.TestCases.LoginPageTest.verifyHomePageTitleTest(java.lang.reflect.Method)</td>
<td><div><pre>java.lang.AssertionError: Login Page Title is not Matched expected [My account - My Store123] but found [My account - My Store]
	at com.saal.challenge.TestCases.LoginPageTest.verifyHomePageTitleTest(LoginPageTest.java:63)
... Removed 30 stack frames</pre></div><a href='#' onClick='toggleBox("stack-trace1455855843", this, "Click to show all stack frames", "Click to hide stack frames")'>Click to show all stack frames</a>
<div class='stack-trace' id='stack-trace1455855843'><pre>java.lang.AssertionError: Login Page Title is not Matched expected [My account - My Store123] but found [My account - My Store]
	at org.testng.Assert.fail(Assert.java:94)
	at org.testng.Assert.failNotEquals(Assert.java:513)
	at org.testng.Assert.assertEqualsImpl(Assert.java:135)
	at org.testng.Assert.assertEquals(Assert.java:116)
	at org.testng.Assert.assertEquals(Assert.java:190)
	at com.saal.challenge.TestCases.LoginPageTest.verifyHomePageTitleTest(LoginPageTest.java:63)
	at sun.reflect.NativeMethodAccessorImpl.invoke0(Native Method)
	at sun.reflect.NativeMethodAccessorImpl.invoke(NativeMethodAccessorImpl.java:62)
	at sun.reflect.DelegatingMethodAccessorImpl.invoke(DelegatingMethodAccessorImpl.java:43)
	at java.lang.reflect.Method.invoke(Method.java:498)
	at org.testng.internal.MethodInvocationHelper.invokeMethod(MethodInvocationHelper.java:86)
	at org.testng.internal.Invoker.invokeMethod(Invoker.java:646)
	at org.testng.internal.Invoker.invokeTestMethod(Invoker.java:823)
	at org.testng.internal.Invoker.invokeTestMethods(Invoker.java:1131)
	at org.testng.internal.TestMethodWorker.invokeTestMethods(TestMethodWorker.java:129)
	at org.testng.internal.TestMethodWorker.run(TestMethodWorker.java:112)
	at org.testng.TestRunner.privateRun(TestRunner.java:778)
	at org.testng.TestRunner.run(TestRunner.java:632)
	at org.testng.SuiteRunner.runTest(SuiteRunner.java:366)
	at org.testng.SuiteRunner.runSequentially(SuiteRunner.java:361)
	at org.testng.SuiteRunner.privateRun(SuiteRunner.java:319)
	at org.testng.SuiteRunner.run(SuiteRunner.java:268)
	at org.testng.SuiteRunnerWorker.runSuite(SuiteRunnerWorker.java:52)
	at org.testng.SuiteRunnerWorker.run(SuiteRunnerWorker.java:86)
	at org.testng.TestNG.runSuitesSequentially(TestNG.java:1225)
	at org.testng.TestNG.runSuitesLocally(TestNG.java:1150)
	at org.testng.TestNG.runSuites(TestNG.java:1075)
	at org.testng.TestNG.run(TestNG.java:1047)
	at org.testng.remote.AbstractRemoteTestNG.run(AbstractRemoteTestNG.java:126)
	at org.testng.remote.RemoteTestNG.initAndRun(RemoteTestNG.java:137)
	at org.testng.remote.RemoteTestNG.main(RemoteTestNG.java:58)
</pre></div></td>
<td>5</td>
<td>com.saal.challenge.TestCases.LoginPageTest@335eadca</td></tr>
</table><p>
<table width='100%' border='1' class='invocation-passed'>
<tr><td colspan='4' align='center'><b>PASSED TESTS</b></td></tr>
<tr><td><b>Test method</b></td>
<td width="30%"><b>Exception</b></td>
<td width="10%"><b>Time (seconds)</b></td>
<td><b>Instance</b></td>
</tr>
<tr>
<td title='com.saal.challenge.TestCases.LoginPageTest.loginTest()'><b>loginTest</b><br>Test class: com.saal.challenge.TestCases.LoginPageTest<br>Parameters: public void com.saal.challenge.TestCases.LoginPageTest.loginTest(java.lang.reflect.Method)</td>
<td></td>
<td>6</td>
<td>com.saal.challenge.TestCases.LoginPageTest@335eadca</td></tr>
<tr>
<td title='com.saal.challenge.TestCases.CheckoutPageTest.loginTest()'><b>loginTest</b><br>Test class: com.saal.challenge.TestCases.CheckoutPageTest<br>Parameters: public void com.saal.challenge.TestCases.CheckoutPageTest.loginTest(java.lang.reflect.Method)</td>
<td></td>
<td>23</td>
<td>com.saal.challenge.TestCases.CheckoutPageTest@210366b4</td></tr>
<tr>
<td title='com.saal.challenge.TestCases.CheckoutPageTest.orderConfirmationValidateTest()'><b>orderConfirmationValidateTest</b><br>Test class: com.saal.challenge.TestCases.CheckoutPageTest<br>Parameters: public void com.saal.challenge.TestCases.CheckoutPageTest.orderConfirmationValidateTest(java.lang.reflect.Method)</td>
<td></td>
<td>21</td>
<td>com.saal.challenge.TestCases.CheckoutPageTest@210366b4</td></tr>
<tr>
<td title='com.saal.challenge.TestCases.LoginPageTest.verifyCorrectUserNameTest()'><b>verifyCorrectUserNameTest</b><br>Test class: com.saal.challenge.TestCases.LoginPageTest<br>Parameters: public void com.saal.challenge.TestCases.LoginPageTest.verifyCorrectUserNameTest(java.lang.reflect.Method)</td>
<td></td>
<td>6</td>
<td>com.saal.challenge.TestCases.LoginPageTest@335eadca</td></tr>
<tr>
<td title='com.saal.challenge.TestCases.SignInPageTest.verifySignInButtonTest()'><b>verifySignInButtonTest</b><br>Test class: com.saal.challenge.TestCases.SignInPageTest<br>Parameters: public void com.saal.challenge.TestCases.SignInPageTest.verifySignInButtonTest(java.lang.reflect.Method)</td>
<td></td>
<td>0</td>
<td>com.saal.challenge.TestCases.SignInPageTest@67784306</td></tr>
<tr>
<td title='com.saal.challenge.TestCases.SignInPageTest.verifySignInPageTitleTest()'><b>verifySignInPageTitleTest</b><br>Test class: com.saal.challenge.TestCases.SignInPageTest<br>Parameters: public void com.saal.challenge.TestCases.SignInPageTest.verifySignInPageTitleTest(java.lang.reflect.Method)</td>
<td></td>
<td>0</td>
<td>com.saal.challenge.TestCases.SignInPageTest@67784306</td></tr>
<tr>
<td title='com.saal.challenge.TestCases.LoginPageTest.verifySignOutButtonTest()'><b>verifySignOutButtonTest</b><br>Test class: com.saal.challenge.TestCases.LoginPageTest<br>Parameters: public void com.saal.challenge.TestCases.LoginPageTest.verifySignOutButtonTest(java.lang.reflect.Method)</td>
<td></td>
<td>6</td>
<td>com.saal.challenge.TestCases.LoginPageTest@335eadca</td></tr>
</table><p>
</body>
</html>