<?xml version="1.0" encoding="UTF-8"?>
<!-- Generated by org.testng.reporters.JUnitXMLReporter -->
<testsuite hostname="Admin-PC" name="Free CRM Application Chrome Test Cases" tests="8" failures="1" timestamp="18 Aug 2019 18:22:29 GMT" time="207.216" errors="0">
  <testcase name="verifySignInButtonTest" time="0.092" classname="com.saal.challenge.TestCases.SignInPageTest"/>
  <testcase name="verifySignInPageTitleTest" time="0.016" classname="com.saal.challenge.TestCases.SignInPageTest"/>
  <testcase name="loginTest" time="6.019" classname="com.saal.challenge.TestCases.LoginPageTest"/>
  <testcase name="verifyCorrectUserNameTest" time="6.095" classname="com.saal.challenge.TestCases.LoginPageTest"/>
  <testcase name="verifyHomePageTitleTest" time="5.829" classname="com.saal.challenge.TestCases.LoginPageTest">
    <failure type="java.lang.AssertionError" message="Login Page Title is not Matched expected [My account - My Store123] but found [My account - My Store]">
      <![CDATA[java.lang.AssertionError: Login Page Title is not Matched expected [My account - My Store123] but found [My account - My Store]
	at com.saal.challenge.TestCases.LoginPageTest.verifyHomePageTitleTest(LoginPageTest.java:63)
... Removed 30 stack frames]]>
    </failure>
  </testcase> <!-- verifyHomePageTitleTest -->
  <testcase name="verifySignOutButtonTest" time="6.196" classname="com.saal.challenge.TestCases.LoginPageTest"/>
  <testcase name="loginTest" time="23.584" classname="com.saal.challenge.TestCases.CheckoutPageTest"/>
  <testcase name="orderConfirmationValidateTest" time="21.191" classname="com.saal.challenge.TestCases.CheckoutPageTest"/>
</testsuite> <!-- Free CRM Application Chrome Test Cases -->
