<html>
<head>
<title>TestNG:  Zoopla Tests</title>
<link href="../testng.css" rel="stylesheet" type="text/css" />
<link href="../my-testng.css" rel="stylesheet" type="text/css" />

<style type="text/css">
.log { display: none;} 
.stack-trace { display: none;} 
</style>
<script type="text/javascript">
<!--
function flip(e) {
  current = e.style.display;
  if (current == 'block') {
    e.style.display = 'none';
    return 0;
  }
  else {
    e.style.display = 'block';
    return 1;
  }
}

function toggleBox(szDivId, elem, msg1, msg2)
{
  var res = -1;  if (document.getElementById) {
    res = flip(document.getElementById(szDivId));
  }
  else if (document.all) {
    // this is the way old msie versions work
    res = flip(document.all[szDivId]);
  }
  if(elem) {
    if(res == 0) elem.innerHTML = msg1; else elem.innerHTML = msg2;
  }

}

function toggleAllBoxes() {
  if (document.getElementsByTagName) {
    d = document.getElementsByTagName('div');
    for (i = 0; i < d.length; i++) {
      if (d[i].className == 'log') {
        flip(d[i]);
      }
    }
  }
}

// -->
</script>

</head>
<body>
<h2 align='center'>Zoopla Tests</h2><table border='1' align="center">
<tr>
<td>Tests passed/Failed/Skipped:</td><td>0/0/7</td>
</tr><tr>
<td>Started on:</td><td>Thu Aug 15 14:34:52 IST 2019</td>
</tr>
<tr><td>Total time:</td><td>1 seconds (1953 ms)</td>
</tr><tr>
<td>Included groups:</td><td></td>
</tr><tr>
<td>Excluded groups:</td><td></td>
</tr>
</table><p/>
<small><i>(Hover the method name to see the test class name)</i></small><p/>
<table width='100%' border='1' class='invocation-failed'>
<tr><td colspan='4' align='center'><b>FAILED CONFIGURATIONS</b></td></tr>
<tr><td><b>Test method</b></td>
<td width="30%"><b>Exception</b></td>
<td width="10%"><b>Time (seconds)</b></td>
<td><b>Instance</b></td>
</tr>
<tr>
<td title='com.zoopla.qa.TestCases.HomePageTest.setUp()'><b>setUp</b><br>Test class: com.zoopla.qa.TestCases.HomePageTest</td>
<td><div><pre>org.openqa.selenium.SessionNotCreatedException: No matching capability sets found.
Unable to match capability set 0: acceptInsecureCerts was &apos;true&apos;, but the IE driver does not allow bypassing insecure (self-signed) SSL certificates
Build info: version: &apos;3.14.0&apos;, revision: &apos;aacccce0&apos;, time: &apos;2018-08-02T20:19:58.91Z&apos;
System info: host: &apos;ADMIN-PC&apos;, ip: &apos;172.20.10.3&apos;, os.name: &apos;Windows 7&apos;, os.arch: &apos;amd64&apos;, os.version: &apos;6.1&apos;, java.version: &apos;1.8.0_211&apos;
Driver info: driver.version: InternetExplorerDriver
remote stacktrace: 
	at org.openqa.selenium.remote.W3CHandshakeResponse.lambda$new$0(W3CHandshakeResponse.java:57)
	at org.openqa.selenium.remote.W3CHandshakeResponse.lambda$getResponseFunction$2(W3CHandshakeResponse.java:104)
	at org.openqa.selenium.remote.ProtocolHandshake.lambda$createSession$0(ProtocolHandshake.java:122)
	at java.util.stream.ReferencePipeline$3$1.accept(Unknown Source)
	at java.util.Spliterators$ArraySpliterator.tryAdvance(Unknown Source)
	at java.util.stream.ReferencePipeline.forEachWithCancel(Unknown Source)
	at java.util.stream.AbstractPipeline.copyIntoWithCancel(Unknown Source)
	at java.util.stream.AbstractPipeline.copyInto(Unknown Source)
	at java.util.stream.AbstractPipeline.wrapAndCopyInto(Unknown Source)
	at java.util.stream.FindOps$FindOp.evaluateSequential(Unknown Source)
	at java.util.stream.AbstractPipeline.evaluate(Unknown Source)
	at java.util.stream.ReferencePipeline.findFirst(Unknown Source)
	at org.openqa.selenium.remote.ProtocolHandshake.createSession(ProtocolHandshake.java:125)
	at org.openqa.selenium.remote.ProtocolHandshake.createSession(ProtocolHandshake.java:73)
	at org.openqa.selenium.remote.HttpCommandExecutor.execute(HttpCommandExecutor.java:136)
	at org.openqa.selenium.remote.service.DriverCommandExecutor.execute(DriverCommandExecutor.java:83)
	at org.openqa.selenium.remote.RemoteWebDriver.execute(RemoteWebDriver.java:548)
	at org.openqa.selenium.remote.RemoteWebDriver.startSession(RemoteWebDriver.java:212)
	at org.openqa.selenium.ie.InternetExplorerDriver.run(InternetExplorerDriver.java:221)
	at org.openqa.selenium.ie.InternetExplorerDriver.&lt;init&gt;(InternetExplorerDriver.java:213)
	at org.openqa.selenium.ie.InternetExplorerDriver.&lt;init&gt;(InternetExplorerDriver.java:190)
	at org.openqa.selenium.ie.InternetExplorerDriver.&lt;init&gt;(InternetExplorerDriver.java:162)
	at com.zoopla.qa.BaseClass.TestBase.initialization(TestBase.java:90)
	at com.zoopla.qa.TestCases.HomePageTest.setUp(HomePageTest.java:26)
... Removed 31 stack frames</pre></div><a href='#' onClick='toggleBox("stack-trace596910004", this, "Click to show all stack frames", "Click to hide stack frames")'>Click to show all stack frames</a>
<div class='stack-trace' id='stack-trace596910004'><pre>org.openqa.selenium.SessionNotCreatedException: No matching capability sets found.
Unable to match capability set 0: acceptInsecureCerts was &apos;true&apos;, but the IE driver does not allow bypassing insecure (self-signed) SSL certificates
Build info: version: &apos;3.14.0&apos;, revision: &apos;aacccce0&apos;, time: &apos;2018-08-02T20:19:58.91Z&apos;
System info: host: &apos;ADMIN-PC&apos;, ip: &apos;172.20.10.3&apos;, os.name: &apos;Windows 7&apos;, os.arch: &apos;amd64&apos;, os.version: &apos;6.1&apos;, java.version: &apos;1.8.0_211&apos;
Driver info: driver.version: InternetExplorerDriver
remote stacktrace: 
	at sun.reflect.NativeConstructorAccessorImpl.newInstance0(Native Method)
	at sun.reflect.NativeConstructorAccessorImpl.newInstance(Unknown Source)
	at sun.reflect.DelegatingConstructorAccessorImpl.newInstance(Unknown Source)
	at java.lang.reflect.Constructor.newInstance(Unknown Source)
	at org.openqa.selenium.remote.W3CHandshakeResponse.lambda$new$0(W3CHandshakeResponse.java:57)
	at org.openqa.selenium.remote.W3CHandshakeResponse.lambda$getResponseFunction$2(W3CHandshakeResponse.java:104)
	at org.openqa.selenium.remote.ProtocolHandshake.lambda$createSession$0(ProtocolHandshake.java:122)
	at java.util.stream.ReferencePipeline$3$1.accept(Unknown Source)
	at java.util.Spliterators$ArraySpliterator.tryAdvance(Unknown Source)
	at java.util.stream.ReferencePipeline.forEachWithCancel(Unknown Source)
	at java.util.stream.AbstractPipeline.copyIntoWithCancel(Unknown Source)
	at java.util.stream.AbstractPipeline.copyInto(Unknown Source)
	at java.util.stream.AbstractPipeline.wrapAndCopyInto(Unknown Source)
	at java.util.stream.FindOps$FindOp.evaluateSequential(Unknown Source)
	at java.util.stream.AbstractPipeline.evaluate(Unknown Source)
	at java.util.stream.ReferencePipeline.findFirst(Unknown Source)
	at org.openqa.selenium.remote.ProtocolHandshake.createSession(ProtocolHandshake.java:125)
	at org.openqa.selenium.remote.ProtocolHandshake.createSession(ProtocolHandshake.java:73)
	at org.openqa.selenium.remote.HttpCommandExecutor.execute(HttpCommandExecutor.java:136)
	at org.openqa.selenium.remote.service.DriverCommandExecutor.execute(DriverCommandExecutor.java:83)
	at org.openqa.selenium.remote.RemoteWebDriver.execute(RemoteWebDriver.java:548)
	at org.openqa.selenium.remote.RemoteWebDriver.startSession(RemoteWebDriver.java:212)
	at org.openqa.selenium.ie.InternetExplorerDriver.run(InternetExplorerDriver.java:221)
	at org.openqa.selenium.ie.InternetExplorerDriver.&lt;init&gt;(InternetExplorerDriver.java:213)
	at org.openqa.selenium.ie.InternetExplorerDriver.&lt;init&gt;(InternetExplorerDriver.java:190)
	at org.openqa.selenium.ie.InternetExplorerDriver.&lt;init&gt;(InternetExplorerDriver.java:162)
	at com.zoopla.qa.BaseClass.TestBase.initialization(TestBase.java:90)
	at com.zoopla.qa.TestCases.HomePageTest.setUp(HomePageTest.java:26)
	at sun.reflect.NativeMethodAccessorImpl.invoke0(Native Method)
	at sun.reflect.NativeMethodAccessorImpl.invoke(Unknown Source)
	at sun.reflect.DelegatingMethodAccessorImpl.invoke(Unknown Source)
	at java.lang.reflect.Method.invoke(Unknown Source)
	at org.testng.internal.MethodInvocationHelper.invokeMethod(MethodInvocationHelper.java:86)
	at org.testng.internal.Invoker.invokeConfigurationMethod(Invoker.java:515)
	at org.testng.internal.Invoker.invokeConfigurations(Invoker.java:216)
	at org.testng.internal.Invoker.invokeMethod(Invoker.java:590)
	at org.testng.internal.Invoker.invokeTestMethod(Invoker.java:823)
	at org.testng.internal.Invoker.invokeTestMethods(Invoker.java:1131)
	at org.testng.internal.TestMethodWorker.invokeTestMethods(TestMethodWorker.java:129)
	at org.testng.internal.TestMethodWorker.run(TestMethodWorker.java:112)
	at org.testng.TestRunner.privateRun(TestRunner.java:778)
	at org.testng.TestRunner.run(TestRunner.java:632)
	at org.testng.SuiteRunner.runTest(SuiteRunner.java:366)
	at org.testng.SuiteRunner.runSequentially(SuiteRunner.java:361)
	at org.testng.SuiteRunner.privateRun(SuiteRunner.java:319)
	at org.testng.SuiteRunner.run(SuiteRunner.java:268)
	at org.testng.SuiteRunnerWorker.runSuite(SuiteRunnerWorker.java:52)
	at org.testng.SuiteRunnerWorker.run(SuiteRunnerWorker.java:86)
	at org.testng.TestNG.runSuitesSequentially(TestNG.java:1225)
	at org.testng.TestNG.runSuitesLocally(TestNG.java:1150)
	at org.testng.TestNG.runSuites(TestNG.java:1075)
	at org.testng.TestNG.run(TestNG.java:1047)
	at org.testng.remote.AbstractRemoteTestNG.run(AbstractRemoteTestNG.java:126)
	at org.testng.remote.RemoteTestNG.initAndRun(RemoteTestNG.java:137)
	at org.testng.remote.RemoteTestNG.main(RemoteTestNG.java:58)
</pre></div></td>
<td>0</td>
<td>com.zoopla.qa.TestCases.HomePageTest@520a3426</td></tr>
</table><p>
<table width='100%' border='1' class='invocation-skipped'>
<tr><td colspan='4' align='center'><b>SKIPPED CONFIGURATIONS</b></td></tr>
<tr><td><b>Test method</b></td>
<td width="30%"><b>Exception</b></td>
<td width="10%"><b>Time (seconds)</b></td>
<td><b>Instance</b></td>
</tr>
<tr>
<td title='com.zoopla.qa.TestCases.HomePageTest.setUp()'><b>setUp</b><br>Test class: com.zoopla.qa.TestCases.HomePageTest</td>
<td></td>
<td>0</td>
<td>com.zoopla.qa.TestCases.HomePageTest@520a3426</td></tr>
<tr>
<td title='com.zoopla.qa.TestCases.HomePageTest.setUp()'><b>setUp</b><br>Test class: com.zoopla.qa.TestCases.HomePageTest</td>
<td></td>
<td>0</td>
<td>com.zoopla.qa.TestCases.HomePageTest@520a3426</td></tr>
<tr>
<td title='com.zoopla.qa.TestCases.SalesPageTest.setUp()'><b>setUp</b><br>Test class: com.zoopla.qa.TestCases.SalesPageTest</td>
<td></td>
<td>0</td>
<td>com.zoopla.qa.TestCases.SalesPageTest@18eed359</td></tr>
<tr>
<td title='com.zoopla.qa.TestCases.SalesPageTest.setUp()'><b>setUp</b><br>Test class: com.zoopla.qa.TestCases.SalesPageTest</td>
<td></td>
<td>0</td>
<td>com.zoopla.qa.TestCases.SalesPageTest@18eed359</td></tr>
<tr>
<td title='com.zoopla.qa.TestCases.SalesPageTest.setUp()'><b>setUp</b><br>Test class: com.zoopla.qa.TestCases.SalesPageTest</td>
<td></td>
<td>0</td>
<td>com.zoopla.qa.TestCases.SalesPageTest@18eed359</td></tr>
<tr>
<td title='com.zoopla.qa.TestCases.SalesPageTest.setUp()'><b>setUp</b><br>Test class: com.zoopla.qa.TestCases.SalesPageTest</td>
<td></td>
<td>0</td>
<td>com.zoopla.qa.TestCases.SalesPageTest@18eed359</td></tr>
<tr>
<td title='com.zoopla.qa.TestCases.HomePageTest.tearDown()'><b>tearDown</b><br>Test class: com.zoopla.qa.TestCases.HomePageTest</td>
<td></td>
<td>0</td>
<td>com.zoopla.qa.TestCases.HomePageTest@520a3426</td></tr>
<tr>
<td title='com.zoopla.qa.TestCases.HomePageTest.tearDown()'><b>tearDown</b><br>Test class: com.zoopla.qa.TestCases.HomePageTest</td>
<td></td>
<td>0</td>
<td>com.zoopla.qa.TestCases.HomePageTest@520a3426</td></tr>
<tr>
<td title='com.zoopla.qa.TestCases.HomePageTest.tearDown()'><b>tearDown</b><br>Test class: com.zoopla.qa.TestCases.HomePageTest</td>
<td></td>
<td>0</td>
<td>com.zoopla.qa.TestCases.HomePageTest@520a3426</td></tr>
<tr>
<td title='com.zoopla.qa.TestCases.SalesPageTest.tearDown()'><b>tearDown</b><br>Test class: com.zoopla.qa.TestCases.SalesPageTest</td>
<td></td>
<td>0</td>
<td>com.zoopla.qa.TestCases.SalesPageTest@18eed359</td></tr>
<tr>
<td title='com.zoopla.qa.TestCases.SalesPageTest.tearDown()'><b>tearDown</b><br>Test class: com.zoopla.qa.TestCases.SalesPageTest</td>
<td></td>
<td>0</td>
<td>com.zoopla.qa.TestCases.SalesPageTest@18eed359</td></tr>
<tr>
<td title='com.zoopla.qa.TestCases.SalesPageTest.tearDown()'><b>tearDown</b><br>Test class: com.zoopla.qa.TestCases.SalesPageTest</td>
<td></td>
<td>0</td>
<td>com.zoopla.qa.TestCases.SalesPageTest@18eed359</td></tr>
<tr>
<td title='com.zoopla.qa.TestCases.SalesPageTest.tearDown()'><b>tearDown</b><br>Test class: com.zoopla.qa.TestCases.SalesPageTest</td>
<td></td>
<td>0</td>
<td>com.zoopla.qa.TestCases.SalesPageTest@18eed359</td></tr>
<tr>
<td title='com.zoopla.qa.TestCases.HomePageTest.endReport()'><b>endReport</b><br>Test class: com.zoopla.qa.TestCases.HomePageTest</td>
<td></td>
<td>0</td>
<td>null</td></tr>
</table><p>
<table width='100%' border='1' class='invocation-skipped'>
<tr><td colspan='4' align='center'><b>SKIPPED TESTS</b></td></tr>
<tr><td><b>Test method</b></td>
<td width="30%"><b>Exception</b></td>
<td width="10%"><b>Time (seconds)</b></td>
<td><b>Instance</b></td>
</tr>
<tr>
<td title='com.zoopla.qa.TestCases.SalesPageTest.clickOnPositionValue()'><b>clickOnPositionValue</b><br>Test class: com.zoopla.qa.TestCases.SalesPageTest<br>Parameters: public void com.zoopla.qa.TestCases.SalesPageTest.clickOnPositionValue(java.lang.reflect.Method)</td>
<td></td>
<td>0</td>
<td>com.zoopla.qa.TestCases.SalesPageTest@18eed359</td></tr>
<tr>
<td title='com.zoopla.qa.TestCases.HomePageTest.enterCityNameToSearchBox()'><b>enterCityNameToSearchBox</b><br>Test class: com.zoopla.qa.TestCases.HomePageTest<br>Parameters: public void com.zoopla.qa.TestCases.HomePageTest.enterCityNameToSearchBox(java.lang.reflect.Method)</td>
<td></td>
<td>0</td>
<td>com.zoopla.qa.TestCases.HomePageTest@520a3426</td></tr>
<tr>
<td title='com.zoopla.qa.TestCases.SalesPageTest.printListValues()'><b>printListValues</b><br>Test class: com.zoopla.qa.TestCases.SalesPageTest<br>Parameters: public void com.zoopla.qa.TestCases.SalesPageTest.printListValues(java.lang.reflect.Method)</td>
<td></td>
<td>0</td>
<td>com.zoopla.qa.TestCases.SalesPageTest@18eed359</td></tr>
<tr>
<td title='com.zoopla.qa.TestCases.HomePageTest.verifyHomePageTitle()'><b>verifyHomePageTitle</b><br>Test class: com.zoopla.qa.TestCases.HomePageTest<br>Parameters: public void com.zoopla.qa.TestCases.HomePageTest.verifyHomePageTitle(java.lang.reflect.Method)</td>
<td></td>
<td>0</td>
<td>com.zoopla.qa.TestCases.HomePageTest@520a3426</td></tr>
<tr>
<td title='com.zoopla.qa.TestCases.SalesPageTest.verifySalesPageTitle()'><b>verifySalesPageTitle</b><br>Test class: com.zoopla.qa.TestCases.SalesPageTest<br>Parameters: public void com.zoopla.qa.TestCases.SalesPageTest.verifySalesPageTitle(java.lang.reflect.Method)</td>
<td></td>
<td>0</td>
<td>com.zoopla.qa.TestCases.SalesPageTest@18eed359</td></tr>
<tr>
<td title='com.zoopla.qa.TestCases.HomePageTest.verityZooplaLogo()'><b>verityZooplaLogo</b><br>Test class: com.zoopla.qa.TestCases.HomePageTest<br>Parameters: public void com.zoopla.qa.TestCases.HomePageTest.verityZooplaLogo(java.lang.reflect.Method)</td>
<td></td>
<td>0</td>
<td>com.zoopla.qa.TestCases.HomePageTest@520a3426</td></tr>
<tr>
<td title='com.zoopla.qa.TestCases.SalesPageTest.verityZooplaLogo()'><b>verityZooplaLogo</b><br>Test class: com.zoopla.qa.TestCases.SalesPageTest<br>Parameters: public void com.zoopla.qa.TestCases.SalesPageTest.verityZooplaLogo(java.lang.reflect.Method)</td>
<td></td>
<td>0</td>
<td>com.zoopla.qa.TestCases.SalesPageTest@18eed359</td></tr>
</table><p>
</body>
</html>